# JRE version: OpenJDK Runtime Environment (8.0_242-b01) (build 1.8.0_242-release-1644-b01)
# Java VM: OpenJDK 64-Bit Server VM (25.242-b01 mixed mode windows-amd64 compressed oops)
Heap:
 PSYoungGen      total 460800K, used 426629K [0x00000000d5580000, 0x00000000f8400000, 0x0000000100000000)
  eden space 425472K, 92% used [0x00000000d5580000,0x00000000ed40c838,0x00000000ef500000)
  from space 35328K, 98% used [0x00000000f6180000,0x00000000f8394e38,0x00000000f8400000)
  to   space 53760K, 0% used [0x00000000f1b00000,0x00000000f1b00000,0x00000000f4f80000)
 ParOldGen       total 303104K, used 114525K [0x0000000080000000, 0x0000000092800000, 0x00000000d5580000)
  object space 303104K, 37% used [0x0000000080000000,0x0000000086fd7408,0x0000000092800000)
 Metaspace       used 118042K, capacity 126094K, committed 126284K, reserved 1159168K
  class space    used 15421K, capacity 16940K, committed 17024K, reserved 1048576K
GC Heap History (10 events):
Event: 131.677 GC heap before
{Heap before GC invocations=20 (full 4):
 PSYoungGen      total 353792K, used 353782K [0x00000000d5580000, 0x00000000f3700000, 0x0000000100000000)
  eden space 317440K, 100% used [0x00000000d5580000,0x00000000e8b80000,0x00000000e8b80000)
  from space 36352K, 99% used [0x00000000e8b80000,0x00000000eaefdaf0,0x00000000eaf00000)
  to   space 50176K, 0% used [0x00000000f0600000,0x00000000f0600000,0x00000000f3700000)
 ParOldGen       total 303104K, used 83453K [0x0000000080000000, 0x0000000092800000, 0x00000000d5580000)
  object space 303104K, 27% used [0x0000000080000000,0x000000008517f520,0x0000000092800000)
 Metaspace       used 105585K, capacity 110940K, committed 111052K, reserved 1144832K
  class space    used 14011K, capacity 15098K, committed 15104K, reserved 1048576K
Event: 131.713 GC heap after
Heap after GC invocations=20 (full 4):
 PSYoungGen      total 437760K, used 11755K [0x00000000d5580000, 0x00000000f3300000, 0x0000000100000000)
  eden space 391680K, 0% used [0x00000000d5580000,0x00000000d5580000,0x00000000ed400000)
  from space 46080K, 25% used [0x00000000f0600000,0x00000000f117ac10,0x00000000f3300000)
  to   space 48640K, 0% used [0x00000000ed400000,0x00000000ed400000,0x00000000f0380000)
 ParOldGen       total 303104K, used 114493K [0x0000000080000000, 0x0000000092800000, 0x00000000d5580000)
  object space 303104K, 37% used [0x0000000080000000,0x0000000086fcf408,0x0000000092800000)
 Metaspace       used 105585K, capacity 110940K, committed 111052K, reserved 1144832K
  class space    used 14011K, capacity 15098K, committed 15104K, reserved 1048576K
}
Event: 4134.535 GC heap before
{Heap before GC invocations=21 (full 4):
 PSYoungGen      total 437760K, used 403435K [0x00000000d5580000, 0x00000000f3300000, 0x0000000100000000)
  eden space 391680K, 100% used [0x00000000d5580000,0x00000000ed400000,0x00000000ed400000)
  from space 46080K, 25% used [0x00000000f0600000,0x00000000f117ac10,0x00000000f3300000)
  to   space 48640K, 0% used [0x00000000ed400000,0x00000000ed400000,0x00000000f0380000)
 ParOldGen       total 303104K, used 114493K [0x0000000080000000, 0x0000000092800000, 0x00000000d5580000)
  object space 303104K, 37% used [0x0000000080000000,0x0000000086fcf408,0x0000000092800000)
 Metaspace       used 113967K, capacity 120630K, committed 120780K, reserved 1153024K
  class space    used 15028K, capacity 16346K, committed 16384K, reserved 1048576K
Event: 4134.560 GC heap after
Heap after GC invocations=21 (full 4):
 PSYoungGen      total 440320K, used 31574K [0x00000000d5580000, 0x00000000f6780000, 0x0000000100000000)
  eden space 391680K, 0% used [0x00000000d5580000,0x00000000d5580000,0x00000000ed400000)
  from space 48640K, 64% used [0x00000000ed400000,0x00000000ef2d5b08,0x00000000f0380000)
  to   space 50176K, 0% used [0x00000000f3680000,0x00000000f3680000,0x00000000f6780000)
 ParOldGen       total 303104K, used 114501K [0x0000000080000000, 0x0000000092800000, 0x00000000d5580000)
  object space 303104K, 37% used [0x0000000080000000,0x0000000086fd1408,0x0000000092800000)
 Metaspace       used 113967K, capacity 120630K, committed 120780K, reserved 1153024K
  class space    used 15028K, capacity 16346K, committed 16384K, reserved 1048576K
}
Event: 4136.666 GC heap before
{Heap before GC invocations=22 (full 4):
 PSYoungGen      total 440320K, used 423254K [0x00000000d5580000, 0x00000000f6780000, 0x0000000100000000)
  eden space 391680K, 100% used [0x00000000d5580000,0x00000000ed400000,0x00000000ed400000)
  from space 48640K, 64% used [0x00000000ed400000,0x00000000ef2d5b08,0x00000000f0380000)
  to   space 50176K, 0% used [0x00000000f3680000,0x00000000f3680000,0x00000000f6780000)
 ParOldGen       total 303104K, used 114501K [0x0000000080000000, 0x0000000092800000, 0x00000000d5580000)
  object space 303104K, 37% used [0x0000000080000000,0x0000000086fd1408,0x0000000092800000)
 Metaspace       used 115486K, capacity 122328K, committed 122444K, reserved 1155072K
  class space    used 15153K, capacity 16511K, committed 16512K, reserved 1048576K
Event: 4136.685 GC heap after
Heap after GC invocations=22 (full 4):
 PSYoungGen      total 489984K, used 34541K [0x00000000d5580000, 0x00000000f6a00000, 0x0000000100000000)
  eden space 439808K, 0% used [0x00000000d5580000,0x00000000d5580000,0x00000000f0300000)
  from space 50176K, 68% used [0x00000000f3680000,0x00000000f583b648,0x00000000f6780000)
  to   space 52736K, 0% used [0x00000000f0300000,0x00000000f0300000,0x00000000f3680000)
 ParOldGen       total 303104K, used 114509K [0x0000000080000000, 0x0000000092800000, 0x00000000d5580000)
  object space 303104K, 37% used [0x0000000080000000,0x0000000086fd3408,0x0000000092800000)
 Metaspace       used 115486K, capacity 122328K, committed 122444K, reserved 1155072K
  class space    used 15153K, capacity 16511K, committed 16512K, reserved 1048576K
}
Event: 4159.637 GC heap before
{Heap before GC invocations=23 (full 4):
 PSYoungGen      total 489984K, used 474349K [0x00000000d5580000, 0x00000000f6a00000, 0x0000000100000000)
  eden space 439808K, 100% used [0x00000000d5580000,0x00000000f0300000,0x00000000f0300000)
  from space 50176K, 68% used [0x00000000f3680000,0x00000000f583b648,0x00000000f6780000)
  to   space 52736K, 0% used [0x00000000f0300000,0x00000000f0300000,0x00000000f3680000)
 ParOldGen       total 303104K, used 114509K [0x0000000080000000, 0x0000000092800000, 0x00000000d5580000)
  object space 303104K, 37% used [0x0000000080000000,0x0000000086fd3408,0x0000000092800000)
 Metaspace       used 116239K, capacity 123200K, committed 123340K, reserved 1157120K
  class space    used 15228K, capacity 16577K, committed 16640K, reserved 1048576K
Event: 4159.650 GC heap after
Heap after GC invocations=23 (full 4):
 PSYoungGen      total 492544K, used 28731K [0x00000000d5580000, 0x00000000f9480000, 0x0000000100000000)
  eden space 439808K, 0% used [0x00000000d5580000,0x00000000d5580000,0x00000000f0300000)
  from space 52736K, 54% used [0x00000000f0300000,0x00000000f1f0ecc8,0x00000000f3680000)
  to   space 52224K, 0% used [0x00000000f6180000,0x00000000f6180000,0x00000000f9480000)
 ParOldGen       total 303104K, used 114517K [0x0000000080000000, 0x0000000092800000, 0x00000000d5580000)
  object space 303104K, 37% used [0x0000000080000000,0x0000000086fd5408,0x0000000092800000)
 Metaspace       used 116239K, capacity 123200K, committed 123340K, reserved 1157120K
  class space    used 15228K, capacity 16577K, committed 16640K, reserved 1048576K
}
Event: 4395.444 GC heap before
{Heap before GC invocations=24 (full 4):
 PSYoungGen      total 492544K, used 468539K [0x00000000d5580000, 0x00000000f9480000, 0x0000000100000000)
  eden space 439808K, 100% used [0x00000000d5580000,0x00000000f0300000,0x00000000f0300000)
  from space 52736K, 54% used [0x00000000f0300000,0x00000000f1f0ecc8,0x00000000f3680000)
  to   space 52224K, 0% used [0x00000000f6180000,0x00000000f6180000,0x00000000f9480000)
 ParOldGen       total 303104K, used 114517K [0x0000000080000000, 0x0000000092800000, 0x00000000d5580000)
  object space 303104K, 37% used [0x0000000080000000,0x0000000086fd5408,0x0000000092800000)
 Metaspace       used 117239K, capacity 124502K, committed 124748K, reserved 1157120K
  class space    used 15304K, capacity 16694K, committed 16768K, reserved 1048576K
Event: 4395.469 GC heap after
Heap after GC invocations=24 (full 4):
 PSYoungGen      total 460800K, used 34899K [0x00000000d5580000, 0x00000000f8400000, 0x0000000100000000)
  eden space 425472K, 0% used [0x00000000d5580000,0x00000000d5580000,0x00000000ef500000)
  from space 35328K, 98% used [0x00000000f6180000,0x00000000f8394e38,0x00000000f8400000)
  to   space 53760K, 0% used [0x00000000f1b00000,0x00000000f1b00000,0x00000000f4f80000)
 ParOldGen       total 303104K, used 114525K [0x0000000080000000, 0x0000000092800000, 0x00000000d5580000)
  object space 303104K, 37% used [0x0000000080000000,0x0000000086fd7408,0x0000000092800000)
 Metaspace       used 117239K, capacity 124502K, committed 124748K, reserved 1157120K
  class space    used 15304K, capacity 16694K, committed 16768K, reserved 1048576K
}

